<?xml version="1.0" encoding="UTF-8"?>
<!-- Generated by org.testng.reporters.JUnitXMLReporter -->
<testsuite ignored="0" hostname="MacBook-Pro-5.local" failures="1" tests="1" name="Command line test" time="0.974" errors="0" timestamp="2023-08-01T12:45:30 CEST">
  <testcase classname="RealApplicationItemPricesComparisonTest" name="testApplicationItemPriceComparison" time="0.0">
    <failure type="org.testng.TestNGException" message="
Method public void RealApplicationItemPricesComparisonTest.testApplicationItemPriceComparison(java.lang.String) requires a @DataProvider named : itemName">
      <![CDATA[org.testng.TestNGException: 
Method public void RealApplicationItemPricesComparisonTest.testApplicationItemPriceComparison(java.lang.String) requires a @DataProvider named : itemName
at java.base/java.util.ArrayList.forEach(ArrayList.java:1540)
... Removed 34 stack frames]]>
    </failure>
  </testcase> <!-- testApplicationItemPriceComparison -->
</testsuite> <!-- Command line test -->
